<?xml version="1.0" encoding="UTF-8"?>
<Site BuildName="(empty)"
	BuildStamp="20211127-0616-Experimental"
	Name="(empty)"
	Generator="ctest-3.22.0-rc3"
	CompilerName=""
	CompilerVersion=""
	OSName="Windows"
	Hostname="Luc_"
	OSRelease=" Professional"
	OSVersion=" (Build 19042)"
	OSPlatform="AMD64"
	Is64Bits="1"
	VendorString="AuthenticAMD"
	VendorID="Advanced Micro Devices"
	FamilyID="15"
	ModelID="5"
	ProcessorCacheSize="128"
	NumberOfLogicalCPU="4"
	NumberOfPhysicalCPU="4"
	TotalVirtualMemory="20957"
	TotalPhysicalMemory="7645"
	LogicalProcessorsPerPhysical="1"
	ProcessorClockFrequency="2495"
	>
	<Testing>
		<StartDateTime>Nov 28 00:21 SE Asia Standard Time</StartDateTime>
		<StartTestTime>1638033708</StartTestTime>
		<TestList>
			<Test>./test/LastTaskTests</Test>
		</TestList>
		<Test Status="passed">
			<Name>LastTaskTests</Name>
			<Path>./test</Path>
			<FullName>./test/LastTaskTests</FullName>
			<FullCommandLine>"E:\Kuliah\Elektro\Semester 4\PMC\Semester ganjil\Last Task\build\test\Debug\LastTaskTests.exe"</FullCommandLine>
			<Results>
				<NamedMeasurement type="numeric/double" name="Execution Time">
					<Value>0.28866</Value>
				</NamedMeasurement>
				<NamedMeasurement type="numeric/double" name="Processors">
					<Value>1</Value>
				</NamedMeasurement>
				<NamedMeasurement type="text/string" name="Completion Status">
					<Value>Completed</Value>
				</NamedMeasurement>
				<NamedMeasurement type="text/string" name="Command Line">
					<Value>"E:\Kuliah\Elektro\Semester 4\PMC\Semester ganjil\Last Task\build\test\Debug\LastTaskTests.exe"</Value>
				</NamedMeasurement>
				<NamedMeasurement type="text/string" name="Environment">
					<Value>#CTEST_RESOURCE_GROUP_COUNT=</Value>
				</NamedMeasurement>
				<Measurement>
					<Value encoding="base64" compression="gzip">eJyVk0lvwjAQhe/5FXOEAxZU9FKppwpVKt2UpieMkAkmcfGCvFD672vHiJ0omUtm4u/Z7ylx6qRksgBBmOx0YamVgNEDHjvOSIlHnK6sVviLCmos1TDEn29Ph7Eg8odx/EqMhYyYFS6UKji1fvW4NTrHRehm4RiU58nkcV9TSHceBvcQIBNd7CYwjvknSia9fU3hmas54RGgcsO0koJKD1Pbc+szeBC5atdgNTj1TrZkPsv8QjKB9PsdqppeA1DVeizWx7gOg04fhOm2chA1YJUlvJs0kFq3IrrO/AFAVXvD/DnW3PxB2dq8pv4rvRBR5/+EQeluupHiOtw8y4m+dRwm86z+TzoiUOxvBLkEm4c40raJgBBKspKCDm/VEqzvK0I5u3YWfonxa0Jt6AKMP4MC8zdum1O6MBEuvbRUfBHUg/7dEOZ/1X39BxHXZqk=</Value>
				</Measurement>
			</Results>
		</Test>
		<EndDateTime>Nov 28 00:21 SE Asia Standard Time</EndDateTime>
		<EndTestTime>1638033709</EndTestTime>
		<ElapsedMinutes>0</ElapsedMinutes>
	</Testing>
</Site>
